  1718112_3.c
f:\xjtlu\lessons\year 2 semester 1\eee101\assessment 3\1718112_3\1718112_3\1718112_3.c(172): warning C4996: 'getch': The POSIX name for this item is deprecated. Instead, use the ISO C and C++ conformant name: _getch. See online help for details.
  c:\program files (x86)\windows kits\10\include\10.0.17134.0\ucrt\conio.h(453): note: see declaration of 'getch'
f:\xjtlu\lessons\year 2 semester 1\eee101\assessment 3\1718112_3\1718112_3\1718112_3.c(204): warning C4013: 'gets' undefined; assuming extern returning int
f:\xjtlu\lessons\year 2 semester 1\eee101\assessment 3\1718112_3\1718112_3\1718112_3.c(206): warning C4996: 'strcpy': This function or variable may be unsafe. Consider using strcpy_s instead. To disable deprecation, use _CRT_SECURE_NO_WARNINGS. See online help for details.
  c:\program files (x86)\windows kits\10\include\10.0.17134.0\ucrt\string.h(133): note: see declaration of 'strcpy'
f:\xjtlu\lessons\year 2 semester 1\eee101\assessment 3\1718112_3\1718112_3\1718112_3.c(207): warning C4996: 'strcat': This function or variable may be unsafe. Consider using strcat_s instead. To disable deprecation, use _CRT_SECURE_NO_WARNINGS. See online help for details.
  c:\program files (x86)\windows kits\10\include\10.0.17134.0\ucrt\string.h(90): note: see declaration of 'strcat'
f:\xjtlu\lessons\year 2 semester 1\eee101\assessment 3\1718112_3\1718112_3\1718112_3.c(208): warning C4996: 'fopen': This function or variable may be unsafe. Consider using fopen_s instead. To disable deprecation, use _CRT_SECURE_NO_WARNINGS. See online help for details.
  c:\program files (x86)\windows kits\10\include\10.0.17134.0\ucrt\stdio.h(208): note: see declaration of 'fopen'
f:\xjtlu\lessons\year 2 semester 1\eee101\assessment 3\1718112_3\1718112_3\1718112_3.c(225): warning C4996: 'fscanf': This function or variable may be unsafe. Consider using fscanf_s instead. To disable deprecation, use _CRT_SECURE_NO_WARNINGS. See online help for details.
  c:\program files (x86)\windows kits\10\include\10.0.17134.0\ucrt\stdio.h(1197): note: see declaration of 'fscanf'
f:\xjtlu\lessons\year 2 semester 1\eee101\assessment 3\1718112_3\1718112_3\1718112_3.c(268): warning C4018: '<': signed/unsigned mismatch
f:\xjtlu\lessons\year 2 semester 1\eee101\assessment 3\1718112_3\1718112_3\1718112_3.c(309): warning C4018: '<': signed/unsigned mismatch
f:\xjtlu\lessons\year 2 semester 1\eee101\assessment 3\1718112_3\1718112_3\1718112_3.c(281): warning C4996: 'strcpy': This function or variable may be unsafe. Consider using strcpy_s instead. To disable deprecation, use _CRT_SECURE_NO_WARNINGS. See online help for details.
  c:\program files (x86)\windows kits\10\include\10.0.17134.0\ucrt\string.h(133): note: see declaration of 'strcpy'
f:\xjtlu\lessons\year 2 semester 1\eee101\assessment 3\1718112_3\1718112_3\1718112_3.c(282): warning C4996: 'strcat': This function or variable may be unsafe. Consider using strcat_s instead. To disable deprecation, use _CRT_SECURE_NO_WARNINGS. See online help for details.
  c:\program files (x86)\windows kits\10\include\10.0.17134.0\ucrt\string.h(90): note: see declaration of 'strcat'
f:\xjtlu\lessons\year 2 semester 1\eee101\assessment 3\1718112_3\1718112_3\1718112_3.c(283): warning C4996: 'fopen': This function or variable may be unsafe. Consider using fopen_s instead. To disable deprecation, use _CRT_SECURE_NO_WARNINGS. See online help for details.
  c:\program files (x86)\windows kits\10\include\10.0.17134.0\ucrt\stdio.h(208): note: see declaration of 'fopen'
f:\xjtlu\lessons\year 2 semester 1\eee101\assessment 3\1718112_3\1718112_3\1718112_3.c(333): warning C4996: 'fopen': This function or variable may be unsafe. Consider using fopen_s instead. To disable deprecation, use _CRT_SECURE_NO_WARNINGS. See online help for details.
  c:\program files (x86)\windows kits\10\include\10.0.17134.0\ucrt\stdio.h(208): note: see declaration of 'fopen'
f:\xjtlu\lessons\year 2 semester 1\eee101\assessment 3\1718112_3\1718112_3\1718112_3.c(359): warning C4996: 'getch': The POSIX name for this item is deprecated. Instead, use the ISO C and C++ conformant name: _getch. See online help for details.
  c:\program files (x86)\windows kits\10\include\10.0.17134.0\ucrt\conio.h(453): note: see declaration of 'getch'
f:\xjtlu\lessons\year 2 semester 1\eee101\assessment 3\1718112_3\1718112_3\1718112_3.c(394): warning C4018: '<': signed/unsigned mismatch
f:\xjtlu\lessons\year 2 semester 1\eee101\assessment 3\1718112_3\1718112_3\1718112_3.c(543): warning C4996: 'getch': The POSIX name for this item is deprecated. Instead, use the ISO C and C++ conformant name: _getch. See online help for details.
  c:\program files (x86)\windows kits\10\include\10.0.17134.0\ucrt\conio.h(453): note: see declaration of 'getch'
f:\xjtlu\lessons\year 2 semester 1\eee101\assessment 3\1718112_3\1718112_3\1718112_3.c(504): warning C4101: 'i': unreferenced local variable
f:\xjtlu\lessons\year 2 semester 1\eee101\assessment 3\1718112_3\1718112_3\1718112_3.c(607): warning C4996: 'getch': The POSIX name for this item is deprecated. Instead, use the ISO C and C++ conformant name: _getch. See online help for details.
  c:\program files (x86)\windows kits\10\include\10.0.17134.0\ucrt\conio.h(453): note: see declaration of 'getch'
f:\xjtlu\lessons\year 2 semester 1\eee101\assessment 3\1718112_3\1718112_3\1718112_3.c(616): warning C4996: 'fopen': This function or variable may be unsafe. Consider using fopen_s instead. To disable deprecation, use _CRT_SECURE_NO_WARNINGS. See online help for details.
  c:\program files (x86)\windows kits\10\include\10.0.17134.0\ucrt\stdio.h(208): note: see declaration of 'fopen'
f:\xjtlu\lessons\year 2 semester 1\eee101\assessment 3\1718112_3\1718112_3\1718112_3.c(619): warning C4996: 'fscanf': This function or variable may be unsafe. Consider using fscanf_s instead. To disable deprecation, use _CRT_SECURE_NO_WARNINGS. See online help for details.
  c:\program files (x86)\windows kits\10\include\10.0.17134.0\ucrt\stdio.h(1197): note: see declaration of 'fscanf'
f:\xjtlu\lessons\year 2 semester 1\eee101\assessment 3\1718112_3\1718112_3\1718112_3.c(656): warning C4996: 'fopen': This function or variable may be unsafe. Consider using fopen_s instead. To disable deprecation, use _CRT_SECURE_NO_WARNINGS. See online help for details.
  c:\program files (x86)\windows kits\10\include\10.0.17134.0\ucrt\stdio.h(208): note: see declaration of 'fopen'
f:\xjtlu\lessons\year 2 semester 1\eee101\assessment 3\1718112_3\1718112_3\1718112_3.c(658): warning C4996: 'fscanf': This function or variable may be unsafe. Consider using fscanf_s instead. To disable deprecation, use _CRT_SECURE_NO_WARNINGS. See online help for details.
  c:\program files (x86)\windows kits\10\include\10.0.17134.0\ucrt\stdio.h(1197): note: see declaration of 'fscanf'
f:\xjtlu\lessons\year 2 semester 1\eee101\assessment 3\1718112_3\1718112_3\1718112_3.c(672): warning C4996: 'fscanf': This function or variable may be unsafe. Consider using fscanf_s instead. To disable deprecation, use _CRT_SECURE_NO_WARNINGS. See online help for details.
  c:\program files (x86)\windows kits\10\include\10.0.17134.0\ucrt\stdio.h(1197): note: see declaration of 'fscanf'
f:\xjtlu\lessons\year 2 semester 1\eee101\assessment 3\1718112_3\1718112_3\1718112_3.c(675): warning C4996: 'fscanf': This function or variable may be unsafe. Consider using fscanf_s instead. To disable deprecation, use _CRT_SECURE_NO_WARNINGS. See online help for details.
  c:\program files (x86)\windows kits\10\include\10.0.17134.0\ucrt\stdio.h(1197): note: see declaration of 'fscanf'
f:\xjtlu\lessons\year 2 semester 1\eee101\assessment 3\1718112_3\1718112_3\1718112_3.c(705): warning C4996: 'getch': The POSIX name for this item is deprecated. Instead, use the ISO C and C++ conformant name: _getch. See online help for details.
  c:\program files (x86)\windows kits\10\include\10.0.17134.0\ucrt\conio.h(453): note: see declaration of 'getch'
f:\xjtlu\lessons\year 2 semester 1\eee101\assessment 3\1718112_3\1718112_3\1718112_3.c(722): warning C4996: 'getch': The POSIX name for this item is deprecated. Instead, use the ISO C and C++ conformant name: _getch. See online help for details.
  c:\program files (x86)\windows kits\10\include\10.0.17134.0\ucrt\conio.h(453): note: see declaration of 'getch'
f:\xjtlu\lessons\year 2 semester 1\eee101\assessment 3\1718112_3\1718112_3\1718112_3.c(741): warning C4996: 'fopen': This function or variable may be unsafe. Consider using fopen_s instead. To disable deprecation, use _CRT_SECURE_NO_WARNINGS. See online help for details.
  c:\program files (x86)\windows kits\10\include\10.0.17134.0\ucrt\stdio.h(208): note: see declaration of 'fopen'
f:\xjtlu\lessons\year 2 semester 1\eee101\assessment 3\1718112_3\1718112_3\1718112_3.c(821): warning C4244: 'function': conversion from 'double' to 'int', possible loss of data
f:\xjtlu\lessons\year 2 semester 1\eee101\assessment 3\1718112_3\1718112_3\1718112_3.c(849): warning C4244: 'function': conversion from 'double' to 'int', possible loss of data
f:\xjtlu\lessons\year 2 semester 1\eee101\assessment 3\1718112_3\1718112_3\1718112_3.c(904): warning C4098: 'passwd_get': 'void' function returning a value
f:\xjtlu\lessons\year 2 semester 1\eee101\assessment 3\1718112_3\1718112_3\1718112_3.c(879): warning C4996: 'getch': The POSIX name for this item is deprecated. Instead, use the ISO C and C++ conformant name: _getch. See online help for details.
  c:\program files (x86)\windows kits\10\include\10.0.17134.0\ucrt\conio.h(453): note: see declaration of 'getch'
  1718112_3.vcxproj -> F:\XJTLU\Lessons\Year 2 Semester 1\EEE101\Assessment 3\1718112_3\Debug\1718112_3.exe
